<?xml version="1.0" encoding="UTF-8"?>
<!-- Generated by org.testng.reporters.JUnitReportReporter -->
<testsuite hostname="AbhijitSargar" name="com.CRM.VisionIT.Screenshot.TestCases.Login_Test_Page" tests="2" failures="0" timestamp="24 Jun 2019 13:34:29 GMT" time="29.089" errors="0">
  <testcase name="verify_LoginPAge_Title" time="13.111" classname="com.CRM.VisionIT.Screenshot.TestCases.Login_Test_Page"/>
  <testcase name="Verify_Login_Page" time="15.978" classname="com.CRM.VisionIT.Screenshot.TestCases.Login_Test_Page"/>
</testsuite> <!-- com.CRM.VisionIT.Screenshot.TestCases.Login_Test_Page -->
