<?xml version="1.0" encoding="UTF-8"?>
<!-- Generated by org.testng.reporters.JUnitReportReporter -->
<testsuite hostname="AbhijitSargar" name="CRMTest.TestPages.Login_Page_Test" tests="2" failures="0" timestamp="25 Jun 2019 08:20:22 GMT" time="95.392" errors="0">
  <testcase name="verifyLoginToFreeCRmProTest" time="41.256" classname="CRMTest.TestPages.Login_Page_Test"/>
  <testcase name="verify_LoginPAge_Title" time="54.136" classname="CRMTest.TestPages.Login_Page_Test"/>
</testsuite> <!-- CRMTest.TestPages.Login_Page_Test -->
