<?xml version="1.0" encoding="UTF-8"?>
<!-- Generated by org.testng.reporters.JUnitReportReporter -->
<testsuite hostname="AbhijitSargar" name="CRMTest.TestPages.Contact_Page_Test" tests="1" failures="0" timestamp="24 Jun 2019 16:31:16 GMT" time="21.997" errors="0">
  <testcase name="verify_New_ContactPage" time="21.997" classname="CRMTest.TestPages.Contact_Page_Test"/>
</testsuite> <!-- CRMTest.TestPages.Contact_Page_Test -->
